Build started 17.10.2011 20:39:08.
     1>Project "D:\Medi\Programiranje\tbcE\extras\ascent-windows-libraries\Sources\VC90-zlib.vcxproj" on node 3 (build target(s)).
     1>InitializeBuildStatus:
         Creating ".\zlib___Win32_Release\zlib.unsuccessfulbuild" because "AlwaysCreate" was specified.
       ClCompile:
         d:\Program Files (x86)\Microsoft Visual Studio 10.0\VC\bin\CL.exe /c /I..\..\dep\include /nologo /W3 /WX- /Od /Ob2 /Oi /Ot /Oy /GL /D _HAS_ITERATOR_DEBUGGING=0 /D WIN32 /D NDEBUG /D _LIB /D _CRT_SECURE_NO_WARNINGS /D _CRT_NONSTDC_NO_WARNINGS /D _MBCS /GF /Gm- /EHsc /MD /GS- /Gy- /fp:fast /Zc:wchar_t /Zc:forScope /Fo".\zlib___Win32_Release\\" /Fd".\zlib___Win32_Release\vc100.pdb" /Gd /TC /analyze- /errorReport:prompt zlib\adler32.c zlib\compress.c zlib\crc32.c zlib\deflate.c zlib\example.c zlib\gzio.c zlib\infback.c zlib\inffast.c zlib\inflate.c zlib\inftrees.c zlib\trees.c zlib\uncompr.c zlib\zutil.c
         adler32.c
         compress.c
         crc32.c
         deflate.c
         example.c
         gzio.c
         infback.c
         inffast.c
         inflate.c
         inftrees.c
         trees.c
         uncompr.c
         zutil.c
       MakeDirsForLib:
         Creating directory "D:\Medi\Programiranje\tbcE\extras\ascent-windows-libraries\Sources\.\Output_Release".
     1>C:\Program Files (x86)\MSBuild\Microsoft.Cpp\v4.0\Microsoft.CppBuild.targets(1151,5): warning MSB8012: TargetPath(D:\Medi\Programiranje\tbcE\extras\ascent-windows-libraries\Sources\.\zlib___Win32_Release\zlib.lib) does not match the Library's OutputFile property value (D:\Medi\Programiranje\tbcE\extras\ascent-windows-libraries\Sources\Output_Release\zlib.lib). This may cause your project to build incorrectly. To correct this, please make sure that $(OutDir), $(TargetName) and $(TargetExt) property values match the value specified in %(Lib.OutputFile).
       Lib:
         d:\Program Files (x86)\Microsoft Visual Studio 10.0\VC\bin\Lib.exe /OUT:".\Output_Release\zlib.lib" /NOLOGO /LTCG .\zlib___Win32_Release\adler32.obj
         .\zlib___Win32_Release\compress.obj
         .\zlib___Win32_Release\crc32.obj
         .\zlib___Win32_Release\deflate.obj
         .\zlib___Win32_Release\example.obj
         .\zlib___Win32_Release\gzio.obj
         .\zlib___Win32_Release\infback.obj
         .\zlib___Win32_Release\inffast.obj
         .\zlib___Win32_Release\inflate.obj
         .\zlib___Win32_Release\inftrees.obj
         .\zlib___Win32_Release\trees.obj
         .\zlib___Win32_Release\uncompr.obj
         .\zlib___Win32_Release\zutil.obj
         VC90-zlib.vcxproj -> D:\Medi\Programiranje\tbcE\extras\ascent-windows-libraries\Sources\.\zlib___Win32_Release\zlib.lib
       FinalizeBuildStatus:
         Deleting file ".\zlib___Win32_Release\zlib.unsuccessfulbuild".
         Touching ".\zlib___Win32_Release\zlib.lastbuildstate".
     1>Done Building Project "D:\Medi\Programiranje\tbcE\extras\ascent-windows-libraries\Sources\VC90-zlib.vcxproj" (build target(s)).

Build succeeded.

Time Elapsed 00:00:02.49
