Build started 17.10.2011 20:39:08.
     1>Project "D:\Medi\Programiranje\tbcE\extras\ascent-windows-libraries\Sources\VC90-pcre.vcxproj" on node 2 (build target(s)).
     1>InitializeBuildStatus:
         Creating ".\pcre___Win32_Release\pcre.unsuccessfulbuild" because "AlwaysCreate" was specified.
       ClCompile:
         d:\Program Files (x86)\Microsoft Visual Studio 10.0\VC\bin\CL.exe /c /nologo /W3 /WX- /Od /Ob2 /Oi /Ot /Oy /GL /D WIN32 /D NDEBUG /D _LIB /D HAVE_CONFIG_H /D _VC80_UPGRADE=0x0710 /D _MBCS /GF /Gm- /MD /GS- /fp:fast /Zc:wchar_t /Zc:forScope /Fo".\pcre___Win32_Release\\" /Fd".\pcre___Win32_Release\vc100.pdb" /Gd /TC /analyze- /errorReport:prompt pcre\pcre_chartables.c pcre\pcre_compile.c pcre\pcre_config.c pcre\pcre_dfa_exec.c pcre\pcre_exec.c pcre\pcre_fullinfo.c pcre\pcre_get.c pcre\pcre_globals.c pcre\pcre_info.c pcre\pcre_maketables.c pcre\pcre_newline.c pcre\pcre_ord2utf8.c pcre\pcre_refcount.c pcre\pcre_study.c pcre\pcre_tables.c pcre\pcre_try_flipped.c pcre\pcre_ucp_searchfuncs.c pcre\pcre_valid_utf8.c pcre\pcre_version.c pcre\pcre_xclass.c
         pcre_chartables.c
         pcre_compile.c
         pcre_config.c
         pcre_dfa_exec.c
         pcre_exec.c
         pcre_fullinfo.c
         pcre_get.c
         pcre_globals.c
         pcre_info.c
         pcre_maketables.c
         pcre_newline.c
         pcre_ord2utf8.c
         pcre_refcount.c
         pcre_study.c
         pcre_tables.c
         pcre_try_flipped.c
         pcre_ucp_searchfuncs.c
         pcre_valid_utf8.c
         pcre_version.c
         pcre_xclass.c
     1>C:\Program Files (x86)\MSBuild\Microsoft.Cpp\v4.0\Microsoft.CppBuild.targets(1151,5): warning MSB8012: TargetPath(D:\Medi\Programiranje\tbcE\extras\ascent-windows-libraries\Sources\.\pcre___Win32_Release\pcre.lib) does not match the Library's OutputFile property value (D:\Medi\Programiranje\tbcE\extras\ascent-windows-libraries\Sources\Output_Release\pcre.lib). This may cause your project to build incorrectly. To correct this, please make sure that $(OutDir), $(TargetName) and $(TargetExt) property values match the value specified in %(Lib.OutputFile).
       Lib:
         d:\Program Files (x86)\Microsoft Visual Studio 10.0\VC\bin\Lib.exe /OUT:".\Output_Release\pcre.lib" /NOLOGO /LTCG .\pcre___Win32_Release\pcre_chartables.obj
         .\pcre___Win32_Release\pcre_compile.obj
         .\pcre___Win32_Release\pcre_config.obj
         .\pcre___Win32_Release\pcre_dfa_exec.obj
         .\pcre___Win32_Release\pcre_exec.obj
         .\pcre___Win32_Release\pcre_fullinfo.obj
         .\pcre___Win32_Release\pcre_get.obj
         .\pcre___Win32_Release\pcre_globals.obj
         .\pcre___Win32_Release\pcre_info.obj
         .\pcre___Win32_Release\pcre_maketables.obj
         .\pcre___Win32_Release\pcre_newline.obj
         .\pcre___Win32_Release\pcre_ord2utf8.obj
         .\pcre___Win32_Release\pcre_refcount.obj
         .\pcre___Win32_Release\pcre_study.obj
         .\pcre___Win32_Release\pcre_tables.obj
         .\pcre___Win32_Release\pcre_try_flipped.obj
         .\pcre___Win32_Release\pcre_ucp_searchfuncs.obj
         .\pcre___Win32_Release\pcre_valid_utf8.obj
         .\pcre___Win32_Release\pcre_version.obj
         .\pcre___Win32_Release\pcre_xclass.obj
         VC90-pcre.vcxproj -> D:\Medi\Programiranje\tbcE\extras\ascent-windows-libraries\Sources\.\pcre___Win32_Release\pcre.lib
       FinalizeBuildStatus:
         Deleting file ".\pcre___Win32_Release\pcre.unsuccessfulbuild".
         Touching ".\pcre___Win32_Release\pcre.lastbuildstate".
     1>Done Building Project "D:\Medi\Programiranje\tbcE\extras\ascent-windows-libraries\Sources\VC90-pcre.vcxproj" (build target(s)).

Build succeeded.

Time Elapsed 00:00:03.35
